# JRE version: OpenJDK Runtime Environment (8.0_252-b09) (build 1.8.0_252-b09)
# Java VM: OpenJDK 64-Bit Server VM (25.252-b09 mixed mode linux-amd64 compressed oops)
Heap:
 def new generation   total 4928K, used 1346K [0x00000000f0e00000, 0x00000000f1350000, 0x00000000f5ea0000)
  eden space 4416K,  30% used [0x00000000f0e00000, 0x00000000f0f4b878, 0x00000000f1250000)
  from space 512K,   3% used [0x00000000f1250000, 0x00000000f12550e8, 0x00000000f12d0000)
  to   space 512K,   0% used [0x00000000f12d0000, 0x00000000f12d0000, 0x00000000f1350000)
 tenured generation   total 10944K, used 3472K [0x00000000f5ea0000, 0x00000000f6950000, 0x0000000100000000)
   the space 10944K,  31% used [0x00000000f5ea0000, 0x00000000f62041f0, 0x00000000f6204200, 0x00000000f6950000)
 Metaspace       used 11155K, capacity 11464K, committed 11520K, reserved 1058816K
  class space    used 1377K, capacity 1496K, committed 1536K, reserved 1048576K
GC Heap History (20 events):
Event: 0.228 GC heap before
{Heap before GC invocations=0 (full 0):
 def new generation   total 4928K, used 4416K [0x00000000f0e00000, 0x00000000f1350000, 0x00000000f5ea0000)
  eden space 4416K, 100% used [0x00000000f0e00000, 0x00000000f1250000, 0x00000000f1250000)
  from space 512K,   0% used [0x00000000f1250000, 0x00000000f1250000, 0x00000000f12d0000)
  to   space 512K,   0% used [0x00000000f12d0000, 0x00000000f12d0000, 0x00000000f1350000)
 tenured generation   total 10944K, used 0K [0x00000000f5ea0000, 0x00000000f6950000, 0x0000000100000000)
   the space 10944K,   0% used [0x00000000f5ea0000, 0x00000000f5ea0000, 0x00000000f5ea0200, 0x00000000f6950000)
 Metaspace       used 4593K, capacity 4920K, committed 5248K, reserved 1056768K
  class space    used 468K, capacity 536K, committed 640K, reserved 1048576K
Event: 0.235 GC heap after
Heap after GC invocations=1 (full 0):
 def new generation   total 4928K, used 512K [0x00000000f0e00000, 0x00000000f1350000, 0x00000000f5ea0000)
  eden space 4416K,   0% used [0x00000000f0e00000, 0x00000000f0e00000, 0x00000000f1250000)
  from space 512K, 100% used [0x00000000f12d0000, 0x00000000f1350000, 0x00000000f1350000)
  to   space 512K,   0% used [0x00000000f1250000, 0x00000000f1250000, 0x00000000f12d0000)
 tenured generation   total 10944K, used 405K [0x00000000f5ea0000, 0x00000000f6950000, 0x0000000100000000)
   the space 10944K,   3% used [0x00000000f5ea0000, 0x00000000f5f055d0, 0x00000000f5f05600, 0x00000000f6950000)
 Metaspace       used 4593K, capacity 4920K, committed 5248K, reserved 1056768K
  class space    used 468K, capacity 536K, committed 640K, reserved 1048576K
}
Event: 0.324 GC heap before
{Heap before GC invocations=1 (full 0):
 def new generation   total 4928K, used 4928K [0x00000000f0e00000, 0x00000000f1350000, 0x00000000f5ea0000)
  eden space 4416K, 100% used [0x00000000f0e00000, 0x00000000f1250000, 0x00000000f1250000)
  from space 512K, 100% used [0x00000000f12d0000, 0x00000000f1350000, 0x00000000f1350000)
  to   space 512K,   0% used [0x00000000f1250000, 0x00000000f1250000, 0x00000000f12d0000)
 tenured generation   total 10944K, used 405K [0x00000000f5ea0000, 0x00000000f6950000, 0x0000000100000000)
   the space 10944K,   3% used [0x00000000f5ea0000, 0x00000000f5f055d0, 0x00000000f5f05600, 0x00000000f6950000)
 Metaspace       used 4974K, capacity 5104K, committed 5248K, reserved 1056768K
  class space    used 522K, capacity 576K, committed 640K, reserved 1048576K
Event: 0.326 GC heap after
Heap after GC invocations=2 (full 0):
 def new generation   total 4928K, used 511K [0x00000000f0e00000, 0x00000000f1350000, 0x00000000f5ea0000)
  eden space 4416K,   0% used [0x00000000f0e00000, 0x00000000f0e00000, 0x00000000f1250000)
  from space 512K,  99% used [0x00000000f1250000, 0x00000000f12cfff8, 0x00000000f12d0000)
  to   space 512K,   0% used [0x00000000f12d0000, 0x00000000f12d0000, 0x00000000f1350000)
 tenured generation   total 10944K, used 905K [0x00000000f5ea0000, 0x00000000f6950000, 0x0000000100000000)
   the space 10944K,   8% used [0x00000000f5ea0000, 0x00000000f5f82720, 0x00000000f5f82800, 0x00000000f6950000)
 Metaspace       used 4974K, capacity 5104K, committed 5248K, reserved 1056768K
  class space    used 522K, capacity 576K, committed 640K, reserved 1048576K
}
Event: 0.426 GC heap before
{Heap before GC invocations=2 (full 0):
 def new generation   total 4928K, used 4927K [0x00000000f0e00000, 0x00000000f1350000, 0x00000000f5ea0000)
  eden space 4416K, 100% used [0x00000000f0e00000, 0x00000000f1250000, 0x00000000f1250000)
  from space 512K,  99% used [0x00000000f1250000, 0x00000000f12cfff8, 0x00000000f12d0000)
  to   space 512K,   0% used [0x00000000f12d0000, 0x00000000f12d0000, 0x00000000f1350000)
 tenured generation   total 10944K, used 905K [0x00000000f5ea0000, 0x00000000f6950000, 0x0000000100000000)
   the space 10944K,   8% used [0x00000000f5ea0000, 0x00000000f5f82720, 0x00000000f5f82800, 0x00000000f6950000)
 Metaspace       used 5945K, capacity 6112K, committed 6144K, reserved 1056768K
  class space    used 671K, capacity 736K, committed 768K, reserved 1048576K
Event: 0.427 GC heap after
Heap after GC invocations=3 (full 0):
 def new generation   total 4928K, used 511K [0x00000000f0e00000, 0x00000000f1350000, 0x00000000f5ea0000)
  eden space 4416K,   0% used [0x00000000f0e00000, 0x00000000f0e00000, 0x00000000f1250000)
  from space 512K,  99% used [0x00000000f12d0000, 0x00000000f134fff0, 0x00000000f1350000)
  to   space 512K,   0% used [0x00000000f1250000, 0x00000000f1250000, 0x00000000f12d0000)
 tenured generation   total 10944K, used 1311K [0x00000000f5ea0000, 0x00000000f6950000, 0x0000000100000000)
   the space 10944K,  11% used [0x00000000f5ea0000, 0x00000000f5fe7ff8, 0x00000000f5fe8000, 0x00000000f6950000)
 Metaspace       used 5945K, capacity 6112K, committed 6144K, reserved 1056768K
  class space    used 671K, capacity 736K, committed 768K, reserved 1048576K
}
Event: 0.543 GC heap before
{Heap before GC invocations=3 (full 0):
 def new generation   total 4928K, used 4927K [0x00000000f0e00000, 0x00000000f1350000, 0x00000000f5ea0000)
  eden space 4416K, 100% used [0x00000000f0e00000, 0x00000000f1250000, 0x00000000f1250000)
  from space 512K,  99% used [0x00000000f12d0000, 0x00000000f134fff0, 0x00000000f1350000)
  to   space 512K,   0% used [0x00000000f1250000, 0x00000000f1250000, 0x00000000f12d0000)
 tenured generation   total 10944K, used 1311K [0x00000000f5ea0000, 0x00000000f6950000, 0x0000000100000000)
   the space 10944K,  11% used [0x00000000f5ea0000, 0x00000000f5fe7ff8, 0x00000000f5fe8000, 0x00000000f6950000)
 Metaspace       used 7024K, capacity 7176K, committed 7296K, reserved 1056768K
  class space    used 813K, capacity 884K, committed 896K, reserved 1048576K
Event: 0.545 GC heap after
Heap after GC invocations=4 (full 0):
 def new generation   total 4928K, used 511K [0x00000000f0e00000, 0x00000000f1350000, 0x00000000f5ea0000)
  eden space 4416K,   0% used [0x00000000f0e00000, 0x00000000f0e00000, 0x00000000f1250000)
  from space 512K,  99% used [0x00000000f1250000, 0x00000000f12cfff0, 0x00000000f12d0000)
  to   space 512K,   0% used [0x00000000f12d0000, 0x00000000f12d0000, 0x00000000f1350000)
 tenured generation   total 10944K, used 1739K [0x00000000f5ea0000, 0x00000000f6950000, 0x0000000100000000)
   the space 10944K,  15% used [0x00000000f5ea0000, 0x00000000f6052cd8, 0x00000000f6052e00, 0x00000000f6950000)
 Metaspace       used 7024K, capacity 7176K, committed 7296K, reserved 1056768K
  class space    used 813K, capacity 884K, committed 896K, reserved 1048576K
}
Event: 0.618 GC heap before
{Heap before GC invocations=4 (full 0):
 def new generation   total 4928K, used 4927K [0x00000000f0e00000, 0x00000000f1350000, 0x00000000f5ea0000)
  eden space 4416K, 100% used [0x00000000f0e00000, 0x00000000f1250000, 0x00000000f1250000)
  from space 512K,  99% used [0x00000000f1250000, 0x00000000f12cfff0, 0x00000000f12d0000)
  to   space 512K,   0% used [0x00000000f12d0000, 0x00000000f12d0000, 0x00000000f1350000)
 tenured generation   total 10944K, used 1739K [0x00000000f5ea0000, 0x00000000f6950000, 0x0000000100000000)
   the space 10944K,  15% used [0x00000000f5ea0000, 0x00000000f6052cd8, 0x00000000f6052e00, 0x00000000f6950000)
 Metaspace       used 7823K, capacity 8064K, committed 8192K, reserved 1056768K
  class space    used 937K, capacity 1024K, committed 1024K, reserved 1048576K
Event: 0.621 GC heap after
Heap after GC invocations=5 (full 0):
 def new generation   total 4928K, used 511K [0x00000000f0e00000, 0x00000000f1350000, 0x00000000f5ea0000)
  eden space 4416K,   0% used [0x00000000f0e00000, 0x00000000f0e00000, 0x00000000f1250000)
  from space 512K,  99% used [0x00000000f12d0000, 0x00000000f134fff0, 0x00000000f1350000)
  to   space 512K,   0% used [0x00000000f1250000, 0x00000000f1250000, 0x00000000f12d0000)
 tenured generation   total 10944K, used 2069K [0x00000000f5ea0000, 0x00000000f6950000, 0x0000000100000000)
   the space 10944K,  18% used [0x00000000f5ea0000, 0x00000000f60a5628, 0x00000000f60a5800, 0x00000000f6950000)
 Metaspace       used 7823K, capacity 8064K, committed 8192K, reserved 1056768K
  class space    used 937K, capacity 1024K, committed 1024K, reserved 1048576K
}
Event: 0.697 GC heap before
{Heap before GC invocations=5 (full 0):
 def new generation   total 4928K, used 4927K [0x00000000f0e00000, 0x00000000f1350000, 0x00000000f5ea0000)
  eden space 4416K, 100% used [0x00000000f0e00000, 0x00000000f1250000, 0x00000000f1250000)
  from space 512K,  99% used [0x00000000f12d0000, 0x00000000f134fff0, 0x00000000f1350000)
  to   space 512K,   0% used [0x00000000f1250000, 0x00000000f1250000, 0x00000000f12d0000)
 tenured generation   total 10944K, used 2069K [0x00000000f5ea0000, 0x00000000f6950000, 0x0000000100000000)
   the space 10944K,  18% used [0x00000000f5ea0000, 0x00000000f60a5628, 0x00000000f60a5800, 0x00000000f6950000)
 Metaspace       used 8732K, capacity 8958K, committed 9216K, reserved 1056768K
  class space    used 1078K, capacity 1197K, committed 1280K, reserved 1048576K
Event: 0.699 GC heap after
Heap after GC invocations=6 (full 0):
 def new generation   total 4928K, used 511K [0x00000000f0e00000, 0x00000000f1350000, 0x00000000f5ea0000)
  eden space 4416K,   0% used [0x00000000f0e00000, 0x00000000f0e00000, 0x00000000f1250000)
  from space 512K,  99% used [0x00000000f1250000, 0x00000000f12cfff8, 0x00000000f12d0000)
  to   space 512K,   0% used [0x00000000f12d0000, 0x00000000f12d0000, 0x00000000f1350000)
 tenured generation   total 10944K, used 2509K [0x00000000f5ea0000, 0x00000000f6950000, 0x0000000100000000)
   the space 10944K,  22% used [0x00000000f5ea0000, 0x00000000f6113758, 0x00000000f6113800, 0x00000000f6950000)
 Metaspace       used 8732K, capacity 8958K, committed 9216K, reserved 1056768K
  class space    used 1078K, capacity 1197K, committed 1280K, reserved 1048576K
}
Event: 0.759 GC heap before
{Heap before GC invocations=6 (full 0):
 def new generation   total 4928K, used 4927K [0x00000000f0e00000, 0x00000000f1350000, 0x00000000f5ea0000)
  eden space 4416K, 100% used [0x00000000f0e00000, 0x00000000f1250000, 0x00000000f1250000)
  from space 512K,  99% used [0x00000000f1250000, 0x00000000f12cfff8, 0x00000000f12d0000)
  to   space 512K,   0% used [0x00000000f12d0000, 0x00000000f12d0000, 0x00000000f1350000)
 tenured generation   total 10944K, used 2509K [0x00000000f5ea0000, 0x00000000f6950000, 0x0000000100000000)
   the space 10944K,  22% used [0x00000000f5ea0000, 0x00000000f6113758, 0x00000000f6113800, 0x00000000f6950000)
 Metaspace       used 9568K, capacity 9854K, committed 10112K, reserved 1058816K
  class space    used 1199K, capacity 1325K, committed 1408K, reserved 1048576K
Event: 0.762 GC heap after
Heap after GC invocations=7 (full 0):
 def new generation   total 4928K, used 512K [0x00000000f0e00000, 0x00000000f1350000, 0x00000000f5ea0000)
  eden space 4416K,   0% used [0x00000000f0e00000, 0x00000000f0e00000, 0x00000000f1250000)
  from space 512K, 100% used [0x00000000f12d0000, 0x00000000f1350000, 0x00000000f1350000)
  to   space 512K,   0% used [0x00000000f1250000, 0x00000000f1250000, 0x00000000f12d0000)
 tenured generation   total 10944K, used 2850K [0x00000000f5ea0000, 0x00000000f6950000, 0x0000000100000000)
   the space 10944K,  26% used [0x00000000f5ea0000, 0x00000000f6168b18, 0x00000000f6168c00, 0x00000000f6950000)
 Metaspace       used 9568K, capacity 9854K, committed 10112K, reserved 1058816K
  class space    used 1199K, capacity 1325K, committed 1408K, reserved 1048576K
}
Event: 0.976 GC heap before
{Heap before GC invocations=7 (full 0):
 def new generation   total 4928K, used 4928K [0x00000000f0e00000, 0x00000000f1350000, 0x00000000f5ea0000)
  eden space 4416K, 100% used [0x00000000f0e00000, 0x00000000f1250000, 0x00000000f1250000)
  from space 512K, 100% used [0x00000000f12d0000, 0x00000000f1350000, 0x00000000f1350000)
  to   space 512K,   0% used [0x00000000f1250000, 0x00000000f1250000, 0x00000000f12d0000)
 tenured generation   total 10944K, used 2850K [0x00000000f5ea0000, 0x00000000f6950000, 0x0000000100000000)
   the space 10944K,  26% used [0x00000000f5ea0000, 0x00000000f6168b18, 0x00000000f6168c00, 0x00000000f6950000)
 Metaspace       used 10864K, capacity 11144K, committed 11264K, reserved 1058816K
  class space    used 1365K, capacity 1496K, committed 1536K, reserved 1048576K
Event: 0.979 GC heap after
Heap after GC invocations=8 (full 0):
 def new generation   total 4928K, used 512K [0x00000000f0e00000, 0x00000000f1350000, 0x00000000f5ea0000)
  eden space 4416K,   0% used [0x00000000f0e00000, 0x00000000f0e00000, 0x00000000f1250000)
  from space 512K, 100% used [0x00000000f1250000, 0x00000000f12d0000, 0x00000000f12d0000)
  to   space 512K,   0% used [0x00000000f12d0000, 0x00000000f12d0000, 0x00000000f1350000)
 tenured generation   total 10944K, used 3145K [0x00000000f5ea0000, 0x00000000f6950000, 0x0000000100000000)
   the space 10944K,  28% used [0x00000000f5ea0000, 0x00000000f61b2510, 0x00000000f61b2600, 0x00000000f6950000)
 Metaspace       used 10864K, capacity 11144K, committed 11264K, reserved 1058816K
  class space    used 1365K, capacity 1496K, committed 1536K, reserved 1048576K
}
Event: 93.543 GC heap before
{Heap before GC invocations=8 (full 0):
 def new generation   total 4928K, used 4928K [0x00000000f0e00000, 0x00000000f1350000, 0x00000000f5ea0000)
  eden space 4416K, 100% used [0x00000000f0e00000, 0x00000000f1250000, 0x00000000f1250000)
  from space 512K, 100% used [0x00000000f1250000, 0x00000000f12d0000, 0x00000000f12d0000)
  to   space 512K,   0% used [0x00000000f12d0000, 0x00000000f12d0000, 0x00000000f1350000)
 tenured generation   total 10944K, used 3145K [0x00000000f5ea0000, 0x00000000f6950000, 0x0000000100000000)
   the space 10944K,  28% used [0x00000000f5ea0000, 0x00000000f61b2510, 0x00000000f61b2600, 0x00000000f6950000)
 Metaspace       used 11145K, capacity 11464K, committed 11520K, reserved 1058816K
  class space    used 1377K, capacity 1496K, committed 1536K, reserved 1048576K
Event: 94.490 GC heap after
Heap after GC invocations=9 (full 0):
 def new generation   total 4928K, used 76K [0x00000000f0e00000, 0x00000000f1350000, 0x00000000f5ea0000)
  eden space 4416K,   0% used [0x00000000f0e00000, 0x00000000f0e00000, 0x00000000f1250000)
  from space 512K,  14% used [0x00000000f12d0000, 0x00000000f12e3060, 0x00000000f1350000)
  to   space 512K,   0% used [0x00000000f1250000, 0x00000000f1250000, 0x00000000f12d0000)
 tenured generation   total 10944K, used 3472K [0x00000000f5ea0000, 0x00000000f6950000, 0x0000000100000000)
   the space 10944K,  31% used [0x00000000f5ea0000, 0x00000000f62041f0, 0x00000000f6204200, 0x00000000f6950000)
 Metaspace       used 11145K, capacity 11464K, committed 11520K, reserved 1058816K
  class space    used 1377K, capacity 1496K, committed 1536K, reserved 1048576K
}
Event: 183.857 GC heap before
{Heap before GC invocations=9 (full 0):
 def new generation   total 4928K, used 4492K [0x00000000f0e00000, 0x00000000f1350000, 0x00000000f5ea0000)
  eden space 4416K, 100% used [0x00000000f0e00000, 0x00000000f1250000, 0x00000000f1250000)
  from space 512K,  14% used [0x00000000f12d0000, 0x00000000f12e3060, 0x00000000f1350000)
  to   space 512K,   0% used [0x00000000f1250000, 0x00000000f1250000, 0x00000000f12d0000)
 tenured generation   total 10944K, used 3472K [0x00000000f5ea0000, 0x00000000f6950000, 0x0000000100000000)
   the space 10944K,  31% used [0x00000000f5ea0000, 0x00000000f62041f0, 0x00000000f6204200, 0x00000000f6950000)
 Metaspace       used 11153K, capacity 11464K, committed 11520K, reserved 1058816K
  class space    used 1377K, capacity 1496K, committed 1536K, reserved 1048576K
Event: 184.361 GC heap after
Heap after GC invocations=10 (full 0):
 def new generation   total 4928K, used 20K [0x00000000f0e00000, 0x00000000f1350000, 0x00000000f5ea0000)
  eden space 4416K,   0% used [0x00000000f0e00000, 0x00000000f0e00000, 0x00000000f1250000)
  from space 512K,   3% used [0x00000000f1250000, 0x00000000f12550e8, 0x00000000f12d0000)
  to   space 512K,   0% used [0x00000000f12d0000, 0x00000000f12d0000, 0x00000000f1350000)
 tenured generation   total 10944K, used 3472K [0x00000000f5ea0000, 0x00000000f6950000, 0x0000000100000000)
   the space 10944K,  31% used [0x00000000f5ea0000, 0x00000000f62041f0, 0x00000000f6204200, 0x00000000f6950000)
 Metaspace       used 11153K, capacity 11464K, committed 11520K, reserved 1058816K
  class space    used 1377K, capacity 1496K, committed 1536K, reserved 1048576K
}

